[debug] ----------------------------------------------------------------------
[debug] Command:      /home/neto/Downloads/node-v4.4.4-linux-x64/bin/node /usr/bin/firebase deploy
[debug] CLI Version:  3.0.0
[debug] Platform:     linux
[debug] Node Version: v4.4.4
[debug] Time:         Fri May 20 2016 18:56:18 GMT-0300 (BRT)
[debug] ----------------------------------------------------------------------
[debug] 
[debug] > command requires scopes: ["email","openid","https://www.googleapis.com/auth/cloudplatformprojects.readonly","https://www.googleapis.com/auth/firebase"]
[debug] >>> HTTP REQUEST GET https://admin.firebase.com/v1/projects/tjdft-app 
[debug] <<< HTTP RESPONSE 200
[debug] >>> HTTP REQUEST GET https://admin.firebase.com/v1/database/tjdft-app/tokens 
[debug] Error: socket hang up
    at TLSSocket.onHangUp (_tls_wrap.js:1049:19)
    at TLSSocket.g (events.js:260:16)
    at emitNone (events.js:72:20)
    at TLSSocket.emit (events.js:166:7)
    at endReadableNT (_stream_readable.js:913:12)
    at nextTickCallbackWith2Args (node.js:442:9)
    at process._tickCallback (node.js:356:17)
[error] 
[error] Error: Server Error. Please try again in a few minutes.
[debug] Error Context: {
  "requestOptions": {
    "method": "GET",
    "json": true,
    "url": "https://admin.firebase.com/v1/database/tjdft-app/tokens",
    "headers": {
      "authorization": "Bearer ya29.CjHoAkObXX1u65OBt5i6BU7eG08bAXXWN3c7_Ykq5raZTmQWvN_V08fISeJ-KwZyCjYL"
    }
  }
}
